C51 COMPILER V9.56.0.0   FINAL                                                             06/18/2017 21:55:16 PAGE 1   


C51 COMPILER V9.56.0.0, COMPILATION OF MODULE FINAL
OBJECT MODULE PLACED IN .\Objects\final.obj
COMPILER INVOKED BY: C:\Keil_v5\C51\BIN\C51.EXE final.c OPTIMIZE(8,SPEED) BROWSE DEBUG OBJECTEXTEND PRINT(.\Listings\fin
                    -al.lst) TABS(2) OBJECT(.\Objects\final.obj)

line level    source

   1          #include <reg51.h>
   2          #include <intrins.h>
   3          #include <string.h>
   4          #include "kb44.h"
   5          sbit SPK=P3^4;
   6          #define DBPORT P2
   7          sbit LCD_RS=P1^0;
   8          sbit LCD_RW=P1^1;
   9          sbit LCD_E=P1^2;
  10          #define s 65536
  11          #define t 12000000/12/2
  12          #define d0 s-t/262
  13          #define re s-t/294
  14          #define mi s-t/330
  15          #define fa s-t/349
  16          #define so s-t/392
  17          #define la s-t/440
  18          #define si s-t/494
  19          void delay(int count);
  20          void delaylcd(int cnt);
  21          void show(int a,int b);
  22          void init_lcd();
  23          void lcd_data(char data1);
  24          void lcd_cmd(char cmd);
  25          void disp_str(char addr1,char *str,int delay);
  26          void RR_str(char addr1,char *str,char offset);
  27          void clear();
  28          void sound(int j);
  29          unsigned int table[7]={d0,re,mi,fa,so,la,si};
  30          unsigned int tmp;
  31          unsigned int code music[5]={d0,si,d0,si,si};
  32          unsigned char location[]={0,1,2,3,4,5,6,7};
  33          char num[]={0x3f,0x06,0x5b,0x4f,0x66,0x6d,0x7d,0x07,0x7f,0x6f,~0x88,0x7c,0x39,0x5e,0x79,0x71};//0~f
  34          char ledd[]={~0x00,~0x80,~0xc0,~0xe0,~0x70,~0x38,~0x1c,~0x0e,~0x07,~0x03,~0x01};//右璇
  35          char code r1[]={"U0424041            "};
  36          char code nothing[]="                  ";
  37          char hour=0,min=0,sec=0,i=0,exit;
  38          bit mask=0;
  39          
  40          void main(){
  41   1       int i=0,j;
  42   1       int kbin;
  43   1       init_lcd();
  44   1       P2=0;
  45   1       while(1){
  46   2        kbin=kbscan();
  47   2        exit=0;
  48   2        EA=1;//致能
  49   2        ET1=0;//計時器T1
  50   2        EX0=1;//外部中斷0
  51   2        IE=0X88;//ET1=1
  52   2        TMOD=0x11;//計時器模組皆模式一
  53   2        TH1=(65536-10000)/256; 
  54   2        TL1=(65536-10000)%256;
C51 COMPILER V9.56.0.0   FINAL                                                             06/18/2017 21:55:16 PAGE 2   

  55   2        TH0=(65536-50000)/256;
  56   2        TL0=(65536-50000)%256;
  57   2        TR1=0;//計時器不啟動
  58   2      
  59   2         
  60   2        while(kbin==0){ 
  61   3          clear();
  62   3          disp_str(0x80,r1,100);
  63   3          disp_str(0xc0,r1,100);
  64   3          sound(4);
  65   3          break;
  66   3       }
  67   2        while(kbin==1){ 
  68   3          clear();
  69   3          sound(1);
  70   3          break;
  71   3       }
  72   2        while(kbin==2){
  73   3          if(exit==1){
  74   4            break;}
  75   3          IE=0X83;;
  76   3          TR0=1;
  77   3          P1=0X00;
  78   3          P2=num[min/10];
  79   3          delay(50);  
  80   3          P1=0X01;
  81   3          P2=num[min%10];
  82   3          delay(50);  
  83   3          P1=2;
  84   3          P2=0X40;
  85   3          delay(50);  
  86   3          P1=0X03;
  87   3          P2=num[sec/10];
  88   3          delay(50);
  89   3          P1=0X04;
  90   3          P2=num[sec%10];
  91   3          delay(50);
  92   3        }
  93   2        while(kbin==3){
  94   3          if(exit==1){
  95   4            break;}
  96   3          IE=0X83;
  97   3          for(j=0;j<strlen(r1);j++){
  98   4            if(exit==1){
  99   5            break;}
 100   4            RR_str(0xc0,r1,j);
 101   4            RR_str(0x80,r1,j);
 102   4            delaylcd(500);
 103   4          }
 104   3        }
 105   2      
 106   2      
 107   2       }
 108   1      }
 109          
 110           void delay1(int count)
 111           {
 112   1        int i;
 113   1        for(i=0;i<count;i++)
 114   1        ;
 115   1       } 
 116           void delaylcd(int cnt){
C51 COMPILER V9.56.0.0   FINAL                                                             06/18/2017 21:55:16 PAGE 3   

 117   1        int i,j;
 118   1        for(i=0;i<cnt;i++)
 119   1        for(j=0;j<122;j++)
 120   1        ;
 121   1       }
 122          void show(int a,int b){
 123   1       P2=num[a];
 124   1       P1=location[b];
 125   1       delay1ms(1);
 126   1       } 
 127          void delay(int count){
 128   1       int i;
 129   1       for(i=0;i<count;i++);
 130   1       }
 131           
 132          void init_lcd(){
 133   1       delaylcd(5);
 134   1       lcd_cmd(0x3f);
 135   1       lcd_cmd(0xe);
 136   1       lcd_cmd(0x1);
 137   1       delaylcd(2);
 138   1       lcd_cmd(0x80);
 139   1       } 
 140           
 141          void clear(){
 142   1       init_lcd();
 143   1       disp_str(0x80,nothing,0);
 144   1       disp_str(0xc0,nothing,0);
 145   1      }
 146           
 147          void lcd_data(char data1){
 148   1       int i;
 149   1       DBPORT=data1;
 150   1       LCD_RS=1;LCD_RW=0;LCD_E=1;
 151   1       for(i=0;i<40;++i);
 152   1       LCD_RS=1;LCD_RW=0;LCD_E=0;
 153   1       }
 154          
 155          void lcd_cmd(char cmd){
 156   1       int i;
 157   1       DBPORT=cmd;
 158   1       LCD_RS=0;LCD_RW=0;LCD_E=1;
 159   1       for(i=0;i<40;++i);
 160   1       LCD_RS=0;LCD_RW=0;LCD_E=0; 
 161   1       }
 162          
 163          void disp_str(char addr1,char *str,int delay){
 164   1       lcd_cmd(addr1);
 165   1       while(*str!=0){
 166   2       lcd_data(*str++);
 167   2       P2=0;
 168   2       delaylcd(delay);}
 169   1       }
 170          
 171          void RR_str(char addr1,char *str,char offset){
 172   1        char i;
 173   1        char *start=str;
 174   1        lcd_cmd(addr1);
 175   1        str+=20-offset;
 176   1        while(*str!=0)
 177   1          lcd_data(*str++);
 178   1        for(i=0;i<20-offset;i++)
C51 COMPILER V9.56.0.0   FINAL                                                             06/18/2017 21:55:16 PAGE 4   

 179   1          lcd_data(start[i]);
 180   1      }
 181          void EXT0(void) interrupt 0{//中斷0
 182   1        int m;
 183   1        for(m=0;m<11;m++){
 184   2          P2=ledd[m];
 185   2          delay1ms(100);  
 186   2        }
 187   1        IE=0X80;
 188   1        exit=1;
 189   1       }
 190          void T0_int(void) interrupt 1 /* T0=100us */ //計時
 191          {
 192   1        TH0=(65536-50000)/256;//50ms
 193   1        TL0=(65536-50000)%256;
 194   1        i++;
 195   1        if(i==20){ //1sec=50*20ms
 196   2          i=0;
 197   2        sec++;
 198   2        if(sec>59)
 199   2        {
 200   3          sec=0;
 201   3          min++;
 202   3          if(min>59)
 203   3          {
 204   4            min=0;
 205   4            hour++;
 206   4            if(hour>23)
 207   4              hour=0;
 208   4          }
 209   3        }
 210   2      }
 211   1      } /* T0_int */  
 212           
 213          void T1_int(void) interrupt 3 using 1  //蜂鳴器
 214           {
 215   1       TH1=tmp/256; //song[j];
 216   1       TL1=tmp%256; //song[j+1];
 217   1       SPK = !SPK;
 218   1      } /* T1_int */ 
 219           
 220          
 221          void sound(int j){
 222   1       int i;
 223   1       ET1=1;
 224   1       for(i=0;i<j;i++)
 225   1       { tmp=music[4];
 226   2       TR1=1;
 227   2       delay(4000);
 228   2       TR1=0;
 229   2       delay(4000);
 230   2       delay(1280);
 231   2       }
 232   1       TR1=0;
 233   1       }
 234           


MODULE INFORMATION:   STATIC OVERLAYABLE
   CODE SIZE        =   1077    ----
   CONSTANT SIZE    =     54    ----
   XDATA SIZE       =   ----    ----
C51 COMPILER V9.56.0.0   FINAL                                                             06/18/2017 21:55:16 PAGE 5   

   PDATA SIZE       =   ----    ----
   DATA SIZE        =     56      29
   IDATA SIZE       =   ----    ----
   BIT SIZE         =      1    ----
END OF MODULE INFORMATION.


C51 COMPILATION COMPLETE.  0 WARNING(S),  0 ERROR(S)
